0 info it worked if it ends with ok
1 verbose cli [ 'C:\\Program Files\\nodejs\\node.exe',
1 verbose cli   'C:\\Program Files\\nodejs\\node_modules\\npm\\bin\\npm-cli.js',
1 verbose cli   'install' ]
2 info using npm@2.7.4
3 info using node@v0.12.2
4 verbose install where, deps [ 'C:\\Users\\Arjun-Admin\\WebstormProjects\\Test',
4 verbose install   [ 'body-parser',
4 verbose install     'cookie-parser',
4 verbose install     'debug',
4 verbose install     'express',
4 verbose install     'jade',
4 verbose install     'morgan',
4 verbose install     'serve-favicon' ] ]
5 verbose install where, peers [ 'C:\\Users\\Arjun-Admin\\WebstormProjects\\Test', [] ]
6 info preinstall Test@0.0.0
7 silly cache add args [ 'express@~4.12.2', null ]
8 verbose cache add spec express@~4.12.2
9 silly cache add parsed spec { raw: 'express@~4.12.2',
9 silly cache add   scope: null,
9 silly cache add   name: 'express',
9 silly cache add   rawSpec: '~4.12.2',
9 silly cache add   spec: '>=4.12.2 <4.13.0',
9 silly cache add   type: 'range' }
10 verbose addNamed express@>=4.12.2 <4.13.0
11 silly addNamed semver.valid null
12 silly addNamed semver.validRange >=4.12.2 <4.13.0
13 silly addNameRange { name: 'express', range: '>=4.12.2 <4.13.0', hasData: false }
14 silly mapToRegistry name express
15 silly mapToRegistry using default registry
16 silly mapToRegistry registry https://registry.npmjs.org/
17 silly mapToRegistry uri https://registry.npmjs.org/express
18 verbose addNameRange registry:https://registry.npmjs.org/express not in flight; fetching
19 silly cache add args [ 'jade@~1.9.2', null ]
20 verbose cache add spec jade@~1.9.2
21 silly cache add parsed spec { raw: 'jade@~1.9.2',
21 silly cache add   scope: null,
21 silly cache add   name: 'jade',
21 silly cache add   rawSpec: '~1.9.2',
21 silly cache add   spec: '>=1.9.2 <1.10.0',
21 silly cache add   type: 'range' }
22 verbose addNamed jade@>=1.9.2 <1.10.0
23 silly addNamed semver.valid null
24 silly addNamed semver.validRange >=1.9.2 <1.10.0
25 silly addNameRange { name: 'jade', range: '>=1.9.2 <1.10.0', hasData: false }
26 silly mapToRegistry name jade
27 silly mapToRegistry using default registry
28 silly mapToRegistry registry https://registry.npmjs.org/
29 silly mapToRegistry uri https://registry.npmjs.org/jade
30 verbose addNameRange registry:https://registry.npmjs.org/jade not in flight; fetching
31 silly cache add args [ 'morgan@~1.5.1', null ]
32 verbose cache add spec morgan@~1.5.1
33 silly cache add parsed spec { raw: 'morgan@~1.5.1',
33 silly cache add   scope: null,
33 silly cache add   name: 'morgan',
33 silly cache add   rawSpec: '~1.5.1',
33 silly cache add   spec: '>=1.5.1 <1.6.0',
33 silly cache add   type: 'range' }
34 verbose addNamed morgan@>=1.5.1 <1.6.0
35 silly addNamed semver.valid null
36 silly addNamed semver.validRange >=1.5.1 <1.6.0
37 silly addNameRange { name: 'morgan', range: '>=1.5.1 <1.6.0', hasData: false }
38 silly mapToRegistry name morgan
39 silly mapToRegistry using default registry
40 silly mapToRegistry registry https://registry.npmjs.org/
41 silly mapToRegistry uri https://registry.npmjs.org/morgan
42 verbose addNameRange registry:https://registry.npmjs.org/morgan not in flight; fetching
43 silly cache add args [ 'serve-favicon@~2.2.0', null ]
44 verbose cache add spec serve-favicon@~2.2.0
45 silly cache add parsed spec { raw: 'serve-favicon@~2.2.0',
45 silly cache add   scope: null,
45 silly cache add   name: 'serve-favicon',
45 silly cache add   rawSpec: '~2.2.0',
45 silly cache add   spec: '>=2.2.0 <2.3.0',
45 silly cache add   type: 'range' }
46 verbose addNamed serve-favicon@>=2.2.0 <2.3.0
47 silly addNamed semver.valid null
48 silly addNamed semver.validRange >=2.2.0 <2.3.0
49 silly addNameRange { name: 'serve-favicon',
49 silly addNameRange   range: '>=2.2.0 <2.3.0',
49 silly addNameRange   hasData: false }
50 silly mapToRegistry name serve-favicon
51 silly mapToRegistry using default registry
52 silly mapToRegistry registry https://registry.npmjs.org/
53 silly mapToRegistry uri https://registry.npmjs.org/serve-favicon
54 verbose addNameRange registry:https://registry.npmjs.org/serve-favicon not in flight; fetching
55 silly cache add args [ 'body-parser@~1.12.0', null ]
56 verbose cache add spec body-parser@~1.12.0
57 silly cache add parsed spec { raw: 'body-parser@~1.12.0',
57 silly cache add   scope: null,
57 silly cache add   name: 'body-parser',
57 silly cache add   rawSpec: '~1.12.0',
57 silly cache add   spec: '>=1.12.0 <1.13.0',
57 silly cache add   type: 'range' }
58 verbose addNamed body-parser@>=1.12.0 <1.13.0
59 silly addNamed semver.valid null
60 silly addNamed semver.validRange >=1.12.0 <1.13.0
61 silly addNameRange { name: 'body-parser',
61 silly addNameRange   range: '>=1.12.0 <1.13.0',
61 silly addNameRange   hasData: false }
62 silly mapToRegistry name body-parser
63 silly mapToRegistry using default registry
64 silly mapToRegistry registry https://registry.npmjs.org/
65 silly mapToRegistry uri https://registry.npmjs.org/body-parser
66 verbose addNameRange registry:https://registry.npmjs.org/body-parser not in flight; fetching
67 silly cache add args [ 'cookie-parser@~1.3.4', null ]
68 verbose cache add spec cookie-parser@~1.3.4
69 silly cache add parsed spec { raw: 'cookie-parser@~1.3.4',
69 silly cache add   scope: null,
69 silly cache add   name: 'cookie-parser',
69 silly cache add   rawSpec: '~1.3.4',
69 silly cache add   spec: '>=1.3.4 <1.4.0',
69 silly cache add   type: 'range' }
70 verbose addNamed cookie-parser@>=1.3.4 <1.4.0
71 silly addNamed semver.valid null
72 silly addNamed semver.validRange >=1.3.4 <1.4.0
73 silly addNameRange { name: 'cookie-parser',
73 silly addNameRange   range: '>=1.3.4 <1.4.0',
73 silly addNameRange   hasData: false }
74 silly mapToRegistry name cookie-parser
75 silly mapToRegistry using default registry
76 silly mapToRegistry registry https://registry.npmjs.org/
77 silly mapToRegistry uri https://registry.npmjs.org/cookie-parser
78 verbose addNameRange registry:https://registry.npmjs.org/cookie-parser not in flight; fetching
79 silly cache add args [ 'debug@~2.1.1', null ]
80 verbose cache add spec debug@~2.1.1
81 silly cache add parsed spec { raw: 'debug@~2.1.1',
81 silly cache add   scope: null,
81 silly cache add   name: 'debug',
81 silly cache add   rawSpec: '~2.1.1',
81 silly cache add   spec: '>=2.1.1 <2.2.0',
81 silly cache add   type: 'range' }
82 verbose addNamed debug@>=2.1.1 <2.2.0
83 silly addNamed semver.valid null
84 silly addNamed semver.validRange >=2.1.1 <2.2.0
85 silly addNameRange { name: 'debug', range: '>=2.1.1 <2.2.0', hasData: false }
86 silly mapToRegistry name debug
87 silly mapToRegistry using default registry
88 silly mapToRegistry registry https://registry.npmjs.org/
89 silly mapToRegistry uri https://registry.npmjs.org/debug
90 verbose addNameRange registry:https://registry.npmjs.org/debug not in flight; fetching
91 verbose request uri https://registry.npmjs.org/express
92 verbose request no auth needed
93 info attempt registry request try #1 at 8:46:48 AM
94 verbose request id d93979e803729bce
95 http request GET https://registry.npmjs.org/express
96 verbose request uri https://registry.npmjs.org/jade
97 verbose request no auth needed
98 info attempt registry request try #1 at 8:46:48 AM
99 http request GET https://registry.npmjs.org/jade
100 verbose request uri https://registry.npmjs.org/morgan
101 verbose request no auth needed
102 info attempt registry request try #1 at 8:46:48 AM
103 http request GET https://registry.npmjs.org/morgan
104 verbose request uri https://registry.npmjs.org/serve-favicon
105 verbose request no auth needed
106 info attempt registry request try #1 at 8:46:48 AM
107 http request GET https://registry.npmjs.org/serve-favicon
108 verbose request uri https://registry.npmjs.org/body-parser
109 verbose request no auth needed
110 info attempt registry request try #1 at 8:46:48 AM
111 http request GET https://registry.npmjs.org/body-parser
112 verbose request uri https://registry.npmjs.org/cookie-parser
113 verbose request no auth needed
114 info attempt registry request try #1 at 8:46:48 AM
115 http request GET https://registry.npmjs.org/cookie-parser
116 verbose request uri https://registry.npmjs.org/debug
117 verbose request no auth needed
118 info attempt registry request try #1 at 8:46:48 AM
119 http request GET https://registry.npmjs.org/debug
120 http 200 https://registry.npmjs.org/cookie-parser
121 silly get cb [ 200,
121 silly get   { server: 'CouchDB/1.5.0 (Erlang OTP/R16B03)',
121 silly get     etag: '"42X0NMOPHXH39WW44YUE9VPAB"',
121 silly get     'content-type': 'application/json',
121 silly get     'cache-control': 'max-age=60',
121 silly get     'content-length': '15613',
121 silly get     'accept-ranges': 'bytes',
121 silly get     date: 'Thu, 14 May 2015 03:16:53 GMT',
121 silly get     via: '1.1 varnish',
121 silly get     age: '42',
121 silly get     connection: 'keep-alive',
121 silly get     'x-served-by': 'cache-sn86-SIN',
121 silly get     'x-cache': 'HIT',
121 silly get     'x-cache-hits': '3',
121 silly get     'x-timer': 'S1431573413.754925,VS0,VE0',
121 silly get     vary: 'Accept' } ]
122 verbose get saving cookie-parser to C:\Users\Arjun-Admin\AppData\Roaming\npm-cache\registry.npmjs.org\cookie-parser\.cache.json
123 silly addNameRange number 2 { name: 'cookie-parser', range: '>=1.3.4 <1.4.0', hasData: true }
124 silly addNameRange versions [ 'cookie-parser',
124 silly addNameRange   [ '1.0.0',
124 silly addNameRange     '1.0.1',
124 silly addNameRange     '1.1.0',
124 silly addNameRange     '1.2.0',
124 silly addNameRange     '1.3.0',
124 silly addNameRange     '1.3.1',
124 silly addNameRange     '1.3.2',
124 silly addNameRange     '1.3.3',
124 silly addNameRange     '1.3.4' ] ]
125 verbose addNamed cookie-parser@1.3.4
126 silly addNamed semver.valid 1.3.4
127 silly addNamed semver.validRange 1.3.4
128 silly mapToRegistry name cookie-parser
129 silly mapToRegistry using default registry
130 silly mapToRegistry registry https://registry.npmjs.org/
131 silly mapToRegistry uri https://registry.npmjs.org/cookie-parser
132 verbose addRemoteTarball https://registry.npmjs.org/cookie-parser/-/cookie-parser-1.3.4.tgz not in flight; adding
133 verbose addRemoteTarball [ 'https://registry.npmjs.org/cookie-parser/-/cookie-parser-1.3.4.tgz',
133 verbose addRemoteTarball   '193035a5be97117a21709b3aa737f6132717bda6' ]
134 info retry fetch attempt 1 at 8:46:50 AM
135 info attempt registry request try #1 at 8:46:50 AM
136 http fetch GET https://registry.npmjs.org/cookie-parser/-/cookie-parser-1.3.4.tgz
137 http fetch 200 https://registry.npmjs.org/cookie-parser/-/cookie-parser-1.3.4.tgz
138 silly fetchAndShaCheck shasum 193035a5be97117a21709b3aa737f6132717bda6
139 verbose addTmpTarball C:\Users\ARJUN-~1\AppData\Local\Temp\npm-6460-ef6f1ded\registry.npmjs.org\cookie-parser\-\cookie-parser-1.3.4.tgz not in flight; adding
140 verbose addTmpTarball already have metadata; skipping unpack for cookie-parser@1.3.4
141 silly cache afterAdd cookie-parser@1.3.4
142 verbose afterAdd C:\Users\Arjun-Admin\AppData\Roaming\npm-cache\cookie-parser\1.3.4\package\package.json not in flight; writing
143 verbose afterAdd C:\Users\Arjun-Admin\AppData\Roaming\npm-cache\cookie-parser\1.3.4\package\package.json written
144 http 200 https://registry.npmjs.org/serve-favicon
145 silly get cb [ 200,
145 silly get   { server: 'CouchDB/1.5.0 (Erlang OTP/R16B03)',
145 silly get     etag: '"C92AKHPP4IXLOC37APWR8W39Z"',
145 silly get     'content-type': 'application/json',
145 silly get     'cache-control': 'max-age=60',
145 silly get     'content-length': '20064',
145 silly get     'accept-ranges': 'bytes',
145 silly get     date: 'Thu, 14 May 2015 03:16:53 GMT',
145 silly get     via: '1.1 varnish',
145 silly get     age: '15',
145 silly get     connection: 'keep-alive',
145 silly get     'x-served-by': 'cache-sn88-SIN',
145 silly get     'x-cache': 'HIT',
145 silly get     'x-cache-hits': '2',
145 silly get     'x-timer': 'S1431573413.727490,VS0,VE0',
145 silly get     vary: 'Accept' } ]
146 verbose get saving serve-favicon to C:\Users\Arjun-Admin\AppData\Roaming\npm-cache\registry.npmjs.org\serve-favicon\.cache.json
147 silly addNameRange number 2 { name: 'serve-favicon', range: '>=2.2.0 <2.3.0', hasData: true }
148 silly addNameRange versions [ 'serve-favicon',
148 silly addNameRange   [ '2.0.0',
148 silly addNameRange     '2.0.1',
148 silly addNameRange     '2.1.0',
148 silly addNameRange     '2.1.1',
148 silly addNameRange     '2.1.2',
148 silly addNameRange     '2.1.3',
148 silly addNameRange     '2.1.4',
148 silly addNameRange     '2.1.5',
148 silly addNameRange     '2.1.6',
148 silly addNameRange     '2.1.7',
148 silly addNameRange     '2.2.0' ] ]
149 verbose addNamed serve-favicon@2.2.0
150 silly addNamed semver.valid 2.2.0
151 silly addNamed semver.validRange 2.2.0
152 silly mapToRegistry name serve-favicon
153 silly mapToRegistry using default registry
154 silly mapToRegistry registry https://registry.npmjs.org/
155 silly mapToRegistry uri https://registry.npmjs.org/serve-favicon
156 verbose addRemoteTarball https://registry.npmjs.org/serve-favicon/-/serve-favicon-2.2.0.tgz not in flight; adding
157 verbose addRemoteTarball [ 'https://registry.npmjs.org/serve-favicon/-/serve-favicon-2.2.0.tgz',
157 verbose addRemoteTarball   'a0c25ee8a652e1a638a67db46269cd52a8705858' ]
158 info retry fetch attempt 1 at 8:46:54 AM
159 info attempt registry request try #1 at 8:46:54 AM
160 http fetch GET https://registry.npmjs.org/serve-favicon/-/serve-favicon-2.2.0.tgz
161 http 200 https://registry.npmjs.org/debug
162 silly get cb [ 200,
162 silly get   { server: 'CouchDB/1.5.0 (Erlang OTP/R16B03)',
162 silly get     etag: '"APBI5N3FERZKNLM2559D9TK35"',
162 silly get     'content-type': 'application/json',
162 silly get     'cache-control': 'max-age=60',
162 silly get     'content-length': '34567',
162 silly get     'accept-ranges': 'bytes',
162 silly get     date: 'Thu, 14 May 2015 03:16:54 GMT',
162 silly get     via: '1.1 varnish',
162 silly get     age: '0',
162 silly get     connection: 'keep-alive',
162 silly get     'x-served-by': 'cache-sn88-SIN',
162 silly get     'x-cache': 'HIT',
162 silly get     'x-cache-hits': '1',
162 silly get     'x-timer': 'S1431573413.707521,VS0,VE1066',
162 silly get     vary: 'Accept' } ]
163 verbose get saving debug to C:\Users\Arjun-Admin\AppData\Roaming\npm-cache\registry.npmjs.org\debug\.cache.json
164 silly addNameRange number 2 { name: 'debug', range: '>=2.1.1 <2.2.0', hasData: true }
165 silly addNameRange versions [ 'debug',
165 silly addNameRange   [ '0.0.1',
165 silly addNameRange     '0.1.0',
165 silly addNameRange     '0.2.0',
165 silly addNameRange     '0.3.0',
165 silly addNameRange     '0.4.0',
165 silly addNameRange     '0.4.1',
165 silly addNameRange     '0.5.0',
165 silly addNameRange     '0.6.0',
165 silly addNameRange     '0.7.0',
165 silly addNameRange     '0.7.1',
165 silly addNameRange     '0.7.2',
165 silly addNameRange     '0.7.3',
165 silly addNameRange     '0.7.4',
165 silly addNameRange     '0.8.0',
165 silly addNameRange     '0.8.1',
165 silly addNameRange     '1.0.0',
165 silly addNameRange     '1.0.1',
165 silly addNameRange     '1.0.2',
165 silly addNameRange     '1.0.3',
165 silly addNameRange     '1.0.4',
165 silly addNameRange     '2.0.0',
165 silly addNameRange     '2.1.0',
165 silly addNameRange     '2.1.1',
165 silly addNameRange     '2.1.2',
165 silly addNameRange     '2.1.3',
165 silly addNameRange     '2.2.0' ] ]
166 verbose addNamed debug@2.1.3
167 silly addNamed semver.valid 2.1.3
168 silly addNamed semver.validRange 2.1.3
169 silly mapToRegistry name debug
170 silly mapToRegistry using default registry
171 silly mapToRegistry registry https://registry.npmjs.org/
172 silly mapToRegistry uri https://registry.npmjs.org/debug
173 verbose addRemoteTarball https://registry.npmjs.org/debug/-/debug-2.1.3.tgz not in flight; adding
174 verbose addRemoteTarball [ 'https://registry.npmjs.org/debug/-/debug-2.1.3.tgz',
174 verbose addRemoteTarball   'ce8ab1b5ee8fbee2bfa3b633cab93d366b63418e' ]
175 info retry fetch attempt 1 at 8:46:55 AM
176 info attempt registry request try #1 at 8:46:55 AM
177 http fetch GET https://registry.npmjs.org/debug/-/debug-2.1.3.tgz
178 http fetch 200 https://registry.npmjs.org/serve-favicon/-/serve-favicon-2.2.0.tgz
179 silly fetchAndShaCheck shasum a0c25ee8a652e1a638a67db46269cd52a8705858
180 verbose addTmpTarball C:\Users\ARJUN-~1\AppData\Local\Temp\npm-6460-ef6f1ded\registry.npmjs.org\serve-favicon\-\serve-favicon-2.2.0.tgz not in flight; adding
181 verbose addTmpTarball already have metadata; skipping unpack for serve-favicon@2.2.0
182 silly cache afterAdd serve-favicon@2.2.0
183 verbose afterAdd C:\Users\Arjun-Admin\AppData\Roaming\npm-cache\serve-favicon\2.2.0\package\package.json not in flight; writing
184 verbose afterAdd C:\Users\Arjun-Admin\AppData\Roaming\npm-cache\serve-favicon\2.2.0\package\package.json written
185 http 200 https://registry.npmjs.org/body-parser
186 silly get cb [ 200,
186 silly get   { server: 'CouchDB/1.5.0 (Erlang OTP/R16B03)',
186 silly get     etag: '"DEJO2OE5KEWH60QW33UZK5QEE"',
186 silly get     'content-type': 'application/json',
186 silly get     'cache-control': 'max-age=60',
186 silly get     'content-length': '97532',
186 silly get     'accept-ranges': 'bytes',
186 silly get     date: 'Thu, 14 May 2015 03:16:54 GMT',
186 silly get     via: '1.1 varnish',
186 silly get     age: '44',
186 silly get     connection: 'keep-alive',
186 silly get     'x-served-by': 'cache-sn88-SIN',
186 silly get     'x-cache': 'HIT',
186 silly get     'x-cache-hits': '1',
186 silly get     'x-timer': 'S1431573414.476187,VS0,VE0',
186 silly get     vary: 'Accept' } ]
187 verbose get saving body-parser to C:\Users\Arjun-Admin\AppData\Roaming\npm-cache\registry.npmjs.org\body-parser\.cache.json
188 silly addNameRange number 2 { name: 'body-parser', range: '>=1.12.0 <1.13.0', hasData: true }
189 silly addNameRange versions [ 'body-parser',
189 silly addNameRange   [ '1.0.0',
189 silly addNameRange     '1.0.1',
189 silly addNameRange     '1.0.2',
189 silly addNameRange     '1.1.0',
189 silly addNameRange     '1.1.1',
189 silly addNameRange     '1.1.2',
189 silly addNameRange     '1.2.0',
189 silly addNameRange     '1.2.1',
189 silly addNameRange     '1.2.2',
189 silly addNameRange     '1.3.0',
189 silly addNameRange     '1.3.1',
189 silly addNameRange     '1.4.0',
189 silly addNameRange     '1.4.1',
189 silly addNameRange     '1.4.2',
189 silly addNameRange     '1.4.3',
189 silly addNameRange     '1.5.0',
189 silly addNameRange     '1.5.1',
189 silly addNameRange     '1.5.2',
189 silly addNameRange     '1.6.0',
189 silly addNameRange     '1.6.1',
189 silly addNameRange     '1.6.2',
189 silly addNameRange     '1.6.3',
189 silly addNameRange     '1.6.4',
189 silly addNameRange     '1.6.5',
189 silly addNameRange     '1.6.6',
189 silly addNameRange     '1.6.7',
189 silly addNameRange     '1.7.0',
189 silly addNameRange     '1.8.0',
189 silly addNameRange     '1.8.1',
189 silly addNameRange     '1.8.2',
189 silly addNameRange     '1.8.3',
189 silly addNameRange     '1.8.4',
189 silly addNameRange     '1.9.0',
189 silly addNameRange     '1.9.1',
189 silly addNameRange     '1.9.2',
189 silly addNameRange     '1.9.3',
189 silly addNameRange     '1.10.0',
189 silly addNameRange     '1.10.1',
189 silly addNameRange     '1.10.2',
189 silly addNameRange     '1.11.0',
189 silly addNameRange     '1.12.0',
189 silly addNameRange     '1.12.1',
189 silly addNameRange     '1.12.2',
189 silly addNameRange     '1.12.3',
189 silly addNameRange     '1.12.4' ] ]
190 verbose addNamed body-parser@1.12.4
191 silly addNamed semver.valid 1.12.4
192 silly addNamed semver.validRange 1.12.4
193 silly mapToRegistry name body-parser
194 silly mapToRegistry using default registry
195 silly mapToRegistry registry https://registry.npmjs.org/
196 silly mapToRegistry uri https://registry.npmjs.org/body-parser
197 verbose addRemoteTarball https://registry.npmjs.org/body-parser/-/body-parser-1.12.4.tgz not in flight; adding
198 verbose addRemoteTarball [ 'https://registry.npmjs.org/body-parser/-/body-parser-1.12.4.tgz',
198 verbose addRemoteTarball   '090700c4ba28862a8520ef378395fdee5f61c229' ]
199 info retry fetch attempt 1 at 8:46:56 AM
200 info attempt registry request try #1 at 8:46:56 AM
201 http fetch GET https://registry.npmjs.org/body-parser/-/body-parser-1.12.4.tgz
202 http fetch 200 https://registry.npmjs.org/debug/-/debug-2.1.3.tgz
203 silly fetchAndShaCheck shasum ce8ab1b5ee8fbee2bfa3b633cab93d366b63418e
204 verbose addTmpTarball C:\Users\ARJUN-~1\AppData\Local\Temp\npm-6460-ef6f1ded\registry.npmjs.org\debug\-\debug-2.1.3.tgz not in flight; adding
205 verbose addTmpTarball already have metadata; skipping unpack for debug@2.1.3
206 silly cache afterAdd debug@2.1.3
207 verbose afterAdd C:\Users\Arjun-Admin\AppData\Roaming\npm-cache\debug\2.1.3\package\package.json not in flight; writing
208 verbose afterAdd C:\Users\Arjun-Admin\AppData\Roaming\npm-cache\debug\2.1.3\package\package.json written
209 http fetch 200 https://registry.npmjs.org/body-parser/-/body-parser-1.12.4.tgz
210 silly fetchAndShaCheck shasum 090700c4ba28862a8520ef378395fdee5f61c229
211 verbose addTmpTarball C:\Users\ARJUN-~1\AppData\Local\Temp\npm-6460-ef6f1ded\registry.npmjs.org\body-parser\-\body-parser-1.12.4.tgz not in flight; adding
212 verbose addTmpTarball already have metadata; skipping unpack for body-parser@1.12.4
213 silly cache afterAdd body-parser@1.12.4
214 verbose afterAdd C:\Users\Arjun-Admin\AppData\Roaming\npm-cache\body-parser\1.12.4\package\package.json not in flight; writing
215 verbose afterAdd C:\Users\Arjun-Admin\AppData\Roaming\npm-cache\body-parser\1.12.4\package\package.json written
216 verbose stack Error: read ECONNRESET
216 verbose stack     at exports._errnoException (util.js:746:11)
216 verbose stack     at TCP.onread (net.js:559:26)
217 verbose cwd C:\Users\Arjun-Admin\WebstormProjects\Test
218 error Windows_NT 6.3.9600
219 error argv "C:\\Program Files\\nodejs\\node.exe" "C:\\Program Files\\nodejs\\node_modules\\npm\\bin\\npm-cli.js" "install"
220 error node v0.12.2
221 error npm  v2.7.4
222 error code ECONNRESET
223 error errno ECONNRESET
224 error syscall read
225 error network read ECONNRESET
225 error network This is most likely not a problem with npm itself
225 error network and is related to network connectivity.
225 error network In most cases you are behind a proxy or have bad network settings.
225 error network
225 error network If you are behind a proxy, please make sure that the
225 error network 'proxy' config is set properly.  See: 'npm help config'
226 verbose exit [ 1, true ]
